<?xml version="1.0" encoding="UTF-8"?>
<!-- Generated by org.testng.reporters.JUnitXMLReporter -->
<testsuite ignored="0" hostname="192.168.1.5" failures="0" tests="11" name="Surefire test" time="21.51" errors="0" timestamp="2023-02-11T14:55:14 TRT">
  <testcase classname="org.selenium.pom.tests.SearchTest" name="searchWithPartialMatch" time="5.798"/>
  <testcase classname="org.selenium.pom.tests.AddToCartTest" name="addToCartFeaturedProducts" time="6.204"/>
  <testcase classname="org.selenium.pom.tests.AddToCartTest" name="addToCartFeaturedProducts" time="7.107"/>
  <testcase classname="org.selenium.pom.tests.AddToCartTest" name="addToCartFeaturedProducts" time="7.4"/>
  <testcase classname="org.selenium.pom.tests.AddToCartTest" name="addToCartFeaturedProducts" time="7.366"/>
  <testcase classname="org.selenium.pom.tests.AddToCartTest" name="addToCartFeaturedProducts" time="7.446"/>
  <testcase classname="org.selenium.pom.tests.AddToCartTest" name="addToCartFromStorePage" time="7.427"/>
  <testcase classname="org.selenium.pom.tests.NavigateTest" name="NavigateFromHomeToStoreUsingMainMenu" time="1.806"/>
  <testcase classname="org.selenium.pom.tests.LoginTest" name="loginDuringCheckout" time="12.042"/>
  <testcase classname="org.selenium.pom.tests.CheckoutTest" name="GuestCheckoutUsingDirectBankTransfer" time="12.586"/>
  <testcase classname="org.selenium.pom.tests.CheckoutTest" name="LoginAndCheckoutUsingDirectBankTransfer" time="13.99"/>
</testsuite> <!-- Surefire test -->
